<?xml version="1.0" encoding="UTF-8"?>
<Site BuildName="Linux-g++"
	BuildStamp="20231205-1524-Experimental"
	Name="Jarvis"
	Generator="ctest-3.22.1"
	CompilerName="/usr/bin/g++"
	CompilerVersion="11.3.0"
	OSName="Linux"
	Hostname="Jarvis"
	OSRelease="6.2.0-37-generic"
	OSVersion="#38~22.04.1-Ubuntu SMP PREEMPT_DYNAMIC Thu Nov  2 18:01:13 UTC 2"
	OSPlatform="x86_64"
	Is64Bits="1"
	VendorString="GenuineIntel"
	VendorID="Intel Corporation"
	FamilyID="6"
	ModelID="140"
	ProcessorCacheSize="12288"
	NumberOfLogicalCPU="8"
	NumberOfPhysicalCPU="4"
	TotalVirtualMemory="2047"
	TotalPhysicalMemory="31809"
	LogicalProcessorsPerPhysical="2"
	ProcessorClockFrequency="4099.99"
	>
	<Testing>
		<StartDateTime>Dec 05 16:54 CET</StartDateTime>
		<StartTestTime>1701791654</StartTestTime>
		<TestList/>
		<EndDateTime>Dec 05 16:54 CET</EndDateTime>
		<EndTestTime>1701791654</EndTestTime>
		<ElapsedMinutes>0</ElapsedMinutes>
	</Testing>
</Site>
