<?xml version="1.0" encoding="UTF-8"?>
<Site BuildName="Linux-g++"
	BuildStamp="20240508-1420-Experimental"
	Name="Jarvis"
	Generator="ctest-3.22.1"
	CompilerName="/usr/bin/g++"
	CompilerVersion="11.3.0"
	OSName="Linux"
	Hostname="Jarvis"
	OSRelease="6.5.0-28-generic"
	OSVersion="#29~22.04.1-Ubuntu SMP PREEMPT_DYNAMIC Thu Apr  4 14:39:20 UTC 2"
	OSPlatform="x86_64"
	Is64Bits="1"
	VendorString="GenuineIntel"
	VendorID="Intel Corporation"
	FamilyID="6"
	ModelID="140"
	ProcessorCacheSize="12288"
	NumberOfLogicalCPU="8"
	NumberOfPhysicalCPU="4"
	TotalVirtualMemory="2047"
	TotalPhysicalMemory="31808"
	LogicalProcessorsPerPhysical="2"
	ProcessorClockFrequency="4071.71"
	>
	<Testing>
		<StartDateTime>May 08 16:29 CEST</StartDateTime>
		<StartTestTime>1715178592</StartTestTime>
		<TestList/>
		<EndDateTime>May 08 16:29 CEST</EndDateTime>
		<EndTestTime>1715178592</EndTestTime>
		<ElapsedMinutes>0</ElapsedMinutes>
	</Testing>
</Site>
